0 info it worked if it ends with ok
1 verbose cli [
1 verbose cli   '/Users/valentin/.nvm/versions/node/v16.15.0/bin/node',
1 verbose cli   '/Users/valentin/node_modules/.bin/npm',
1 verbose cli   'publish',
1 verbose cli   './package',
1 verbose cli   '--tag',
1 verbose cli   'next'
1 verbose cli ]
2 info using npm@2.15.12
3 info using node@v16.15.0
4 verbose publish [ './package' ]
5 silly cache add args [ './package', null ]
6 verbose cache add spec ./package
7 silly cache add parsed spec Result {
7 silly cache add   raw: './package',
7 silly cache add   scope: null,
7 silly cache add   name: null,
7 silly cache add   rawSpec: './package',
7 silly cache add   spec: '/Users/valentin/Projects/bubbles/package',
7 silly cache add   type: 'directory'
7 silly cache add }
8 verbose addLocalDirectory /Users/valentin/.npm/bubbles-ui/0.8.0-next.91/package.tgz not in flight; packing
9 verbose correctMkdir /Users/valentin/.npm correctMkdir not in flight; initializing
10 verbose tar pack [
10 verbose tar pack   '/Users/valentin/.npm/bubbles-ui/0.8.0-next.91/package.tgz',
10 verbose tar pack   '/Users/valentin/Projects/bubbles/package'
10 verbose tar pack ]
11 verbose tarball /Users/valentin/.npm/bubbles-ui/0.8.0-next.91/package.tgz
12 verbose folder /Users/valentin/Projects/bubbles/package
13 info prepublish bubbles-ui@0.8.0-next.91
14 verbose addLocalTarball adding from inside cache /Users/valentin/.npm/bubbles-ui/0.8.0-next.91/package.tgz
15 verbose correctMkdir /Users/valentin/.npm correctMkdir not in flight; initializing
16 silly cache afterAdd bubbles-ui@0.8.0-next.91
17 verbose afterAdd /Users/valentin/.npm/bubbles-ui/0.8.0-next.91/package/package.json not in flight; writing
18 verbose correctMkdir /Users/valentin/.npm correctMkdir not in flight; initializing
19 verbose afterAdd /Users/valentin/.npm/bubbles-ui/0.8.0-next.91/package/package.json written
20 silly publish {
20 silly publish   name: 'bubbles-ui',
20 silly publish   version: '0.8.0-next.91',
20 silly publish   description: 'Opinionated Svelte Kit UI Components',
20 silly publish   devDependencies: {
20 silly publish     '@sveltejs/adapter-vercel': '^1.0.0-next.58',
20 silly publish     '@sveltejs/kit': '^1.0.0-next.350',
20 silly publish     '@sveltejs/svelte-scroller': '^2.0.7',
20 silly publish     autoprefixer: '^10.4.0',
20 silly publish     mdsvex: '^0.9.8',
20 silly publish     prettier: '^2.6.1',
20 silly publish     'prettier-plugin-svelte': '^2.6.0',
20 silly publish     'rollup-plugin-inline-svg': '^2.0.0',
20 silly publish     'rollup-plugin-svg': '^2.0.0',
20 silly publish     svelte: '^3.46.4',
20 silly publish     'svelte-highlight': '^5.1.3',
20 silly publish     'svelte-preprocess': '^4.10.6',
20 silly publish     svelte2tsx: '^0.5.10'
20 silly publish   },
20 silly publish   type: 'module',
20 silly publish   license: 'MIT',
20 silly publish   repository: {
20 silly publish     type: 'git',
20 silly publish     url: 'git+https://github.com/vpanyushenko/bubbles.git'
20 silly publish   },
20 silly publish   author: { name: 'Valentin Panyushenko' },
20 silly publish   bugs: { url: 'https://github.com/vpanyushenko/bubbles/issues' },
20 silly publish   homepage: 'https://bubbles-pied.vercel.app/',
20 silly publish   dependencies: {
20 silly publish     '@fontsource/fira-mono': '^4.5.0',
20 silly publish     '@fontsource/inter': '^4.5.1',
20 silly publish     '@fontsource/poppins': '^4.5.0',
20 silly publish     '@lukeed/uuid': '^2.0.0',
20 silly publish     '@stripe/stripe-js': '^1.22.0'
20 silly publish   },
20 silly publish   exports: {
20 silly publish     './package.json': './package.json',
20 silly publish     './.DS_Store': './.DS_Store',
20 silly publish     './components/.DS_Store': './components/.DS_Store',
20 silly publish     './components/button/Button.svelte': './components/button/Button.svelte',
20 silly publish     './components/button/IconButton.svelte': './components/button/IconButton.svelte',
20 silly publish     './components/button/add.svg': './components/button/add.svg',
20 silly publish     './components/button/arrow-left-double.svg': './components/button/arrow-left-double.svg',
20 silly publish     './components/button/arrow-left.svg': './components/button/arrow-left.svg',
20 silly publish     './components/button/arrow-right-double.svg': './components/button/arrow-right-double.svg',
20 silly publish     './components/button/arrow-right.svg': './components/button/arrow-right.svg',
20 silly publish     './components/button/bell.svg': './components/button/bell.svg',
20 silly publish     './components/button/close.svg': './components/button/close.svg',
20 silly publish     './components/button/download-fat.svg': './components/button/download-fat.svg',
20 silly publish     './components/button/edit.svg': './components/button/edit.svg',
20 silly publish     './components/button/filter.svg': './components/button/filter.svg',
20 silly publish     './components/button/more.svg': './components/button/more.svg',
20 silly publish     './components/button/search.svg': './components/button/search.svg',
20 silly publish     './components/button/settings.svg': './components/button/settings.svg',
20 silly publish     './components/button/trash.svg': './components/button/trash.svg',
20 silly publish     './components/button/user.svg': './components/button/user.svg',
20 silly publish     './components/card/Card.svelte': './components/card/Card.svelte',
20 silly publish     './components/card/CardFooter.svelte': './components/card/CardFooter.svelte',
20 silly publish     './components/card/CardHeader.svelte': './components/card/CardHeader.svelte',
20 silly publish     './components/checkbox/Checkbox.svelte': './components/checkbox/Checkbox.svelte',
20 silly publish     './components/checkbox/CheckboxGroup.svelte': './components/checkbox/CheckboxGroup.svelte',
20 silly publish     './components/checkbox/LabeledCheckbox.svelte': './components/checkbox/LabeledCheckbox.svelte',
20 silly publish     './components/divider/Divider.svelte': './components/divider/Divider.svelte',
20 silly publish     './components/dropdown/Dropdown.svelte': './components/dropdown/Dropdown.svelte',
20 silly publish     './components/dropdown/arrow-right.svg': './components/dropdown/arrow-right.svg',
20 silly publish     './components/error/Error.svelte': './components/error/Error.svelte',
20 silly publish     './components/form/FileForm.svelte': './components/form/FileForm.svelte',
20 silly publish     './components/form/Form.svelte': './components/form/Form.svelte',
20 silly publish     './components/header/Header.svelte': './components/header/Header.svelte',
20 silly publish     './components/input/Input.svelte': './components/input/Input.svelte',
20 silly publish     './components/list/List.svelte': './components/list/List.svelte',
20 silly publish     './components/list/ListItem.svelte': './components/list/ListItem.svelte',
20 silly publish     './components/list/ListItemTimeline.svelte': './components/list/ListItemTimeline.svelte',
20 silly publish     './components/list/copy.svg': './components/list/copy.svg',
20 silly publish     './components/list/download.svg': './components/list/download.svg',
20 silly publish     './components/list/edit.svg': './components/list/edit.svg',
20 silly publish     './components/list/trash.svg': './components/list/trash.svg',
20 silly publish     './components/modal/Modal.svelte': './components/modal/Modal.svelte',
20 silly publish     './components/overlay/Overlay.svelte': './components/overlay/Overlay.svelte',
20 silly publish     './components/pagination/Pagination.svelte': './components/pagination/Pagination.svelte',
20 silly publish     './components/radio/RadioGroup.svelte': './components/radio/RadioGroup.svelte',
20 silly publish     './components/segmented-controller/SegmentedController.svelte': './components/segmented-controller/SegmentedController.svelte',
20 silly publish     './components/select/BasicSelect.svelte': './components/select/BasicSelect.svelte',
20 silly publish     './components/select/Select.svelte': './components/select/Select.svelte',
20 silly publish     './components/sidebar/Sidebar.svelte': './components/sidebar/Sidebar.svelte',
20 silly publish     './components/spinner/Spinner.svelte': './components/spinner/Spinner.svelte',
20 silly publish     './components/stripe/StripeCardInput.svelte': './components/stripe/StripeCardInput.svelte',
20 silly publish     './components/switch/LabeledSwitch.svelte': './components/switch/LabeledSwitch.svelte',
20 silly publish     './components/switch/Switch.svelte': './components/switch/Switch.svelte',
20 silly publish     './components/table/Table.svelte': './components/table/Table.svelte',
20 silly publish     './components/table/TableCell.svelte': './components/table/TableCell.svelte',
20 silly publish     './components/table/TableHeader.svelte': './components/table/TableHeader.svelte',
20 silly publish     './components/table/TableRow.svelte': './components/table/TableRow.svelte',
20 silly publish     './components/table/arrow-down.svg': './components/table/arrow-down.svg',
20 silly publish     './components/table/arrow-up.svg': './components/table/arrow-up.svg',
20 silly publish     './components/tag/Tag.svelte': './components/tag/Tag.svelte',
20 silly publish     './components/toast/Toast.svelte': './components/toast/Toast.svelte',
20 silly publish     './components/toast/ToastContainer.svelte': './components/toast/ToastContainer.svelte',
20 silly publish     './components/toast/close.svg': './components/toast/close.svg',
20 silly publish     './css/app.css': './css/app.css',
20 silly publish     '.': './index.js',
20 silly publish     './layouts/Center.svelte': './layouts/Center.svelte',
20 silly publish     './layouts/Column.svelte': './layouts/Column.svelte',
20 silly publish     './layouts/Column100.svelte': './layouts/Column100.svelte',
20 silly publish     './layouts/Column50.svelte': './layouts/Column50.svelte',
20 silly publish     './layouts/Grid.svelte': './layouts/Grid.svelte',
20 silly publish     './layouts/GridItem.svelte': './layouts/GridItem.svelte',
20 silly publish     './layouts/PageTransitionWrapper.svelte': './layouts/PageTransitionWrapper.svelte',
20 silly publish     './layouts/PageWrapper.svelte': './layouts/PageWrapper.svelte',
20 silly publish     './layouts/Row.svelte': './layouts/Row.svelte',
20 silly publish     './layouts/RowFlex.svelte': './layouts/RowFlex.svelte',
20 silly publish     './layouts/SidebarPageWrapper.svelte': './layouts/SidebarPageWrapper.svelte',
20 silly publish     './utils/breadcrumbs': './utils/breadcrumbs.js',
20 silly publish     './utils/colors': './utils/colors.js',
20 silly publish     './utils/config': './utils/config.js',
20 silly publish     './utils/fetch': './utils/fetch.js',
20 silly publish     './utils/form': './utils/form.js',
20 silly publish     './utils/fuze': './utils/fuze.js',
20 silly publish     './utils/fuzzy-search': './utils/fuzzy-search.js',
20 silly publish     './utils/loading': './utils/loading.js',
20 silly publish     './utils/local-storage-store': './utils/local-storage-store.js',
20 silly publish     './utils/merge': './utils/merge.js',
20 silly publish     './utils/modal': './utils/modal.js',
20 silly publish     './utils/sort': './utils/sort.js',
20 silly publish     './utils/stores': './utils/stores.js',
20 silly publish     './utils/table': './utils/table.js',
20 silly publish     './utils/toast': './utils/toast.js',
20 silly publish     './utils/url': './utils/url.js'
20 silly publish   },
20 silly publish   svelte: './index.js',
20 silly publish   readme: '# Bubbles Component Library\n' +
20 silly publish     '\n' +
20 silly publish     'Bubbles is an opinionated UI Component Library for creating dashboards. You can view the documentation here: https://bubbles-pied.vercel.app/\n' +
20 silly publish     '\n' +
20 silly publish     'There may be some breaking changes before we hit 1.0, but those will be outlined in the changelog\n',
20 silly publish   readmeFilename: 'README.md',
20 silly publish   _id: 'bubbles-ui@0.8.0-next.91',
20 silly publish   scripts: {},
20 silly publish   _shasum: '5ac25de8790e48a6c68f8d72575ab93a23d9f783',
20 silly publish   _from: 'package',
20 silly publish   _resolved: 'file:package'
20 silly publish }
21 verbose getPublishConfig undefined
22 silly mapToRegistry name bubbles-ui
23 silly mapToRegistry using default registry
24 silly mapToRegistry registry https://registry.npmjs.org/
25 silly mapToRegistry data Result {
25 silly mapToRegistry   raw: 'bubbles-ui',
25 silly mapToRegistry   scope: null,
25 silly mapToRegistry   name: 'bubbles-ui',
25 silly mapToRegistry   rawSpec: '',
25 silly mapToRegistry   spec: 'latest',
25 silly mapToRegistry   type: 'tag'
25 silly mapToRegistry }
26 silly mapToRegistry uri https://registry.npmjs.org/bubbles-ui
27 verbose publish registryBase https://registry.npmjs.org/
28 silly publish uploading /Users/valentin/.npm/bubbles-ui/0.8.0-next.91/package.tgz
29 verbose request uri https://registry.npmjs.org/bubbles-ui
30 verbose request sending authorization for write operation
31 info attempt registry request try #1 at 1:07:47 PM
32 verbose request using bearer token for auth
33 verbose request id d975387b8c03a303
34 http request PUT https://registry.npmjs.org/bubbles-ui
35 http 403 https://registry.npmjs.org/bubbles-ui
36 verbose headers {
36 verbose headers   date: 'Tue, 14 Jun 2022 20:07:48 GMT',
36 verbose headers   'content-type': 'application/json',
36 verbose headers   'transfer-encoding': 'chunked',
36 verbose headers   connection: 'keep-alive',
36 verbose headers   'cf-ray': '71b5b1bd7d9b7bfd-LAX',
36 verbose headers   'cf-cache-status': 'DYNAMIC',
36 verbose headers   'expect-ct': 'max-age=604800, report-uri="https://report-uri.cloudflare.com/cdn-cgi/beacon/expect-ct"',
36 verbose headers   vary: 'Accept-Encoding',
36 verbose headers   server: 'cloudflare',
36 verbose headers   'content-encoding': 'gzip'
36 verbose headers }
37 verbose request invalidating /Users/valentin/.npm/registry.npmjs.org/bubbles-ui on PUT
38 error publish Failed PUT 403
39 verbose stack Error: You cannot publish over the previously published versions: 0.8.0-next.91. : bubbles-ui
39 verbose stack     at makeError (/Users/valentin/node_modules/npm/node_modules/npm-registry-client/lib/request.js:302:12)
39 verbose stack     at CachingRegistryClient.<anonymous> (/Users/valentin/node_modules/npm/node_modules/npm-registry-client/lib/request.js:290:14)
39 verbose stack     at Gunzip.cb (/Users/valentin/node_modules/npm/node_modules/npm-registry-client/lib/request.js:216:7)
39 verbose stack     at Gunzip.zlibBufferOnEnd (node:zlib:161:10)
39 verbose stack     at Gunzip.emit (node:events:527:28)
39 verbose stack     at endReadableNT (node:internal/streams/readable:1345:12)
39 verbose stack     at processTicksAndRejections (node:internal/process/task_queues:83:21)
40 verbose statusCode 403
41 verbose pkgid bubbles-ui
42 verbose cwd /Users/valentin/Projects/bubbles
43 error Darwin 21.5.0
44 error argv "/Users/valentin/.nvm/versions/node/v16.15.0/bin/node" "/Users/valentin/node_modules/.bin/npm" "publish" "./package" "--tag" "next"
45 error node v16.15.0
46 error npm  v2.15.12
47 error code E403
48 error You cannot publish over the previously published versions: 0.8.0-next.91. : bubbles-ui
49 error If you need help, you may report this error at:
49 error     <https://github.com/npm/npm/issues>
50 verbose exit [ 1, true ]
